<?xml version="1.0" encoding="UTF-8"?>
<!-- Generated by org.testng.reporters.JUnitReportReporter -->
<testsuite hostname="KairosHW0452" failures="0" tests="2" name="TestRunner.Runner" time="32.656" errors="0" timestamp="2023-07-18T22:03:30 IST" skipped="0">
  <testcase classname="TestRunner.Runner" name="runScenario" time="15.878"/>
  <testcase classname="TestRunner.Runner" name="runScenario" time="16.778"/>
</testsuite> <!-- TestRunner.Runner -->
